Drill report for /home/mys/artist/riverbed-control/z-module-pcb-r2/z-module-pcb-r2.kicad_pcb
Created on Thu 10 Aug 2017 02:18:52 AM CEST

Copper Layer Stackup:
    =============================================================
    L1 :  F.Cu                      front
    L2 :  B.Cu                      back


Drill file 'z-module-pcb-r2-PTH.drl' contains
    plated through holes:
    =============================================================
    T1  0.40mm  0.016"  (69 holes)
    T2  0.50mm  0.020"  (340 holes)
    T3  0.60mm  0.024"  (21 holes)
    T4  0.75mm  0.030"  (4 holes)
    T5  0.80mm  0.031"  (34 holes)
    T6  0.85mm  0.034"  (14 holes)
    T7  0.90mm  0.035"  (16 holes)
    T8  1.00mm  0.039"  (6 holes)
    T9  1.10mm  0.043"  (12 holes)
    T10  1.14mm  0.045"  (3 holes)
    T11  1.60mm  0.063"  (4 holes)
    T12  3.00mm  0.118"  (4 holes)

    Total plated holes count 527


Drill file 'z-module-pcb-r2-NPTH.drl' contains
    unplated through holes:
    =============================================================
    T1  0.50mm  0.020"  (100 holes)
    T2  1.10mm  0.043"  (4 holes)
    T3  2.20mm  0.087"  (8 holes)
    T4  2.50mm  0.098"  (2 holes)
    T5  3.25mm  0.128"  (4 holes)

    Total unplated holes count 118
